# JRE version: Java(TM) SE Runtime Environment (21.0.2+13) (build 21.0.2+13-LTS-58)
# Java VM: Java HotSpot(TM) 64-Bit Server VM (21.0.2+13-LTS-58, mixed mode, sharing, tiered, compressed oops, compressed class ptrs, g1 gc, windows-amd64)
GC Precious Log:
 CardTable entry size: 512
 Card Set container configuration: InlinePtr #cards 4 size 8 Array Of Cards #cards 16 size 48 Howl #buckets 8 coarsen threshold 3686 Howl Bitmap #cards 512 size 80 coarsen threshold 460 Card regions per heap region 1 cards per card region 4096
 CPUs: 6 total, 6 available
 Memory: 16296M
 Large Page Support: Disabled
 NUMA Support: Disabled
 Compressed Oops: Enabled (Zero based)
 Heap Region Size: 2M
 Heap Min Capacity: 8M
 Heap Initial Capacity: 256M
 Heap Max Capacity: 4076M
 Pre-touch: Disabled
 Parallel Workers: 6
 Concurrent Workers: 2
 Concurrent Refinement Workers: 6
 Periodic GC: Disabled
Heap:
 garbage-first heap   total 61440K, used 41175K [0x0000000701400000, 0x0000000800000000)
  region size 2048K, 13 young (26624K), 0 survivors (0K)
 Metaspace       used 45116K, committed 45888K, reserved 1114112K
  class space    used 5445K, committed 5824K, reserved 1048576K
GC Heap History (20 events):
Event: 2.823 GC heap before
{Heap before GC invocations=6 (full 0):
 garbage-first heap   total 55296K, used 42445K [0x0000000701400000, 0x0000000800000000)
  region size 2048K, 16 young (32768K), 2 survivors (4096K)
 Metaspace       used 29153K, committed 29696K, reserved 1114112K
  class space    used 3507K, committed 3776K, reserved 1048576K
}
Event: 2.827 GC heap after
{Heap after GC invocations=7 (full 0):
 garbage-first heap   total 159744K, used 15104K [0x0000000701400000, 0x0000000800000000)
  region size 2048K, 2 young (4096K), 2 survivors (4096K)
 Metaspace       used 29153K, committed 29696K, reserved 1114112K
  class space    used 3507K, committed 3776K, reserved 1048576K
}
Event: 61.091 GC heap before
{Heap before GC invocations=7 (full 0):
 garbage-first heap   total 159744K, used 82688K [0x0000000701400000, 0x0000000800000000)
  region size 2048K, 36 young (73728K), 2 survivors (4096K)
 Metaspace       used 35389K, committed 35968K, reserved 1114112K
  class space    used 4419K, committed 4672K, reserved 1048576K
}
Event: 61.095 GC heap after
{Heap after GC invocations=8 (full 0):
 garbage-first heap   total 159744K, used 17849K [0x0000000701400000, 0x0000000800000000)
  region size 2048K, 3 young (6144K), 3 survivors (6144K)
 Metaspace       used 35389K, committed 35968K, reserved 1114112K
  class space    used 4419K, committed 4672K, reserved 1048576K
}
Event: 61.768 GC heap before
{Heap before GC invocations=9 (full 0):
 garbage-first heap   total 69632K, used 52665K [0x0000000701400000, 0x0000000800000000)
  region size 2048K, 20 young (40960K), 3 survivors (6144K)
 Metaspace       used 41822K, committed 42432K, reserved 1114112K
  class space    used 5193K, committed 5440K, reserved 1048576K
}
Event: 61.776 GC heap after
{Heap after GC invocations=10 (full 0):
 garbage-first heap   total 69632K, used 20569K [0x0000000701400000, 0x0000000800000000)
  region size 2048K, 3 young (6144K), 3 survivors (6144K)
 Metaspace       used 41822K, committed 42432K, reserved 1114112K
  class space    used 5193K, committed 5440K, reserved 1048576K
}
Event: 445.166 GC heap before
{Heap before GC invocations=10 (full 0):
 garbage-first heap   total 69632K, used 45145K [0x0000000701400000, 0x0000000800000000)
  region size 2048K, 16 young (32768K), 3 survivors (6144K)
 Metaspace       used 43832K, committed 44480K, reserved 1114112K
  class space    used 5459K, committed 5760K, reserved 1048576K
}
Event: 445.199 GC heap after
{Heap after GC invocations=11 (full 1):
 garbage-first heap   total 69632K, used 17188K [0x0000000701400000, 0x0000000800000000)
  region size 2048K, 0 young (0K), 0 survivors (0K)
 Metaspace       used 43832K, committed 44480K, reserved 1114112K
  class space    used 5459K, committed 5760K, reserved 1048576K
}
Event: 503.757 GC heap before
{Heap before GC invocations=11 (full 1):
 garbage-first heap   total 69632K, used 49956K [0x0000000701400000, 0x0000000800000000)
  region size 2048K, 18 young (36864K), 0 survivors (0K)
 Metaspace       used 44405K, committed 45056K, reserved 1114112K
  class space    used 5475K, committed 5760K, reserved 1048576K
}
Event: 503.798 GC heap after
{Heap after GC invocations=12 (full 2):
 garbage-first heap   total 69632K, used 17251K [0x0000000701400000, 0x0000000800000000)
  region size 2048K, 0 young (0K), 0 survivors (0K)
 Metaspace       used 44402K, committed 45056K, reserved 1114112K
  class space    used 5475K, committed 5760K, reserved 1048576K
}
Event: 918.044 GC heap before
{Heap before GC invocations=12 (full 2):
 garbage-first heap   total 69632K, used 58211K [0x0000000701400000, 0x0000000800000000)
  region size 2048K, 20 young (40960K), 0 survivors (0K)
 Metaspace       used 44795K, committed 45440K, reserved 1114112K
  class space    used 5484K, committed 5760K, reserved 1048576K
}
Event: 918.046 GC heap after
{Heap after GC invocations=13 (full 2):
 garbage-first heap   total 69632K, used 20227K [0x0000000701400000, 0x0000000800000000)
  region size 2048K, 2 young (4096K), 2 survivors (4096K)
 Metaspace       used 44795K, committed 45440K, reserved 1114112K
  class space    used 5484K, committed 5760K, reserved 1048576K
}
Event: 2339.392 GC heap before
{Heap before GC invocations=13 (full 2):
 garbage-first heap   total 69632K, used 55043K [0x0000000701400000, 0x0000000800000000)
  region size 2048K, 19 young (38912K), 2 survivors (4096K)
 Metaspace       used 44828K, committed 45440K, reserved 1114112K
  class space    used 5484K, committed 5760K, reserved 1048576K
}
Event: 2339.397 GC heap after
{Heap after GC invocations=14 (full 2):
 garbage-first heap   total 69632K, used 20118K [0x0000000701400000, 0x0000000800000000)
  region size 2048K, 2 young (4096K), 2 survivors (4096K)
 Metaspace       used 44828K, committed 45440K, reserved 1114112K
  class space    used 5484K, committed 5760K, reserved 1048576K
}
Event: 3744.179 GC heap before
{Heap before GC invocations=14 (full 2):
 garbage-first heap   total 69632K, used 54934K [0x0000000701400000, 0x0000000800000000)
  region size 2048K, 19 young (38912K), 2 survivors (4096K)
 Metaspace       used 44851K, committed 45440K, reserved 1114112K
  class space    used 5484K, committed 5760K, reserved 1048576K
}
Event: 3744.181 GC heap after
{Heap after GC invocations=15 (full 2):
 garbage-first heap   total 69632K, used 20013K [0x0000000701400000, 0x0000000800000000)
  region size 2048K, 2 young (4096K), 2 survivors (4096K)
 Metaspace       used 44851K, committed 45440K, reserved 1114112K
  class space    used 5484K, committed 5760K, reserved 1048576K
}
Event: 4301.529 GC heap before
{Heap before GC invocations=15 (full 2):
 garbage-first heap   total 69632K, used 34349K [0x0000000701400000, 0x0000000800000000)
  region size 2048K, 10 young (20480K), 2 survivors (4096K)
 Metaspace       used 44857K, committed 45504K, reserved 1114112K
  class space    used 5484K, committed 5760K, reserved 1048576K
}
Event: 4301.585 GC heap after
{Heap after GC invocations=16 (full 3):
 garbage-first heap   total 69632K, used 17309K [0x0000000701400000, 0x0000000800000000)
  region size 2048K, 0 young (0K), 0 survivors (0K)
 Metaspace       used 44855K, committed 45504K, reserved 1114112K
  class space    used 5484K, committed 5760K, reserved 1048576K
}
Event: 4361.208 GC heap before
{Heap before GC invocations=16 (full 3):
 garbage-first heap   total 69632K, used 48029K [0x0000000701400000, 0x0000000800000000)
  region size 2048K, 16 young (32768K), 0 survivors (0K)
 Metaspace       used 45146K, committed 45824K, reserved 1114112K
  class space    used 5495K, committed 5824K, reserved 1048576K
}
Event: 4361.249 GC heap after
{Heap after GC invocations=17 (full 4):
 garbage-first heap   total 61440K, used 16599K [0x0000000701400000, 0x0000000800000000)
  region size 2048K, 0 young (0K), 0 survivors (0K)
 Metaspace       used 44924K, committed 45824K, reserved 1114112K
  class space    used 5435K, committed 5824K, reserved 1048576K
}

